TN:
SF:src/modules/appointments/services/CreateAppointmentService.ts
FN:41,__decorate
FN:41,__metadata
FN:41,__param
FN:41,__awaiter
FN:41,adopt
FN:41,fulfilled
FN:41,rejected
FN:41,step
FN:41,__generator
FN:41,sent
FN:41,g.<computed>
FN:41,verb
FN:41,step
FN:41,__importDefault
FN:16,CreateAppointmentService
FN:21,CreateAppointmentService.execute
FNF:16
FNH:14
FNDA:1,__decorate
FNDA:1,__metadata
FNDA:1,__param
FNDA:3,__awaiter
FNDA:5,adopt
FNDA:5,fulfilled
FNDA:0,rejected
FNDA:7,step
FNDA:3,__generator
FNDA:5,sent
FNDA:0,g.<computed>
FNDA:9,verb
FNDA:8,step
FNDA:1,__importDefault
FNDA:2,CreateAppointmentService
FNDA:3,CreateAppointmentService.execute
DA:1,1
DA:2,1
DA:3,1
DA:4,1
DA:5,1
DA:6,1
DA:7,1
DA:8,1
DA:9,1
DA:10,1
DA:11,1
DA:12,1
DA:13,1
DA:14,1
DA:15,1
DA:16,1
DA:17,2
DA:18,2
DA:19,2
DA:20,1
DA:21,1
DA:22,3
DA:23,3
DA:24,3
DA:25,3
DA:26,3
DA:27,3
DA:28,3
DA:29,1
DA:30,1
DA:31,2
DA:32,2
DA:33,2
DA:34,2
DA:35,2
DA:36,3
DA:37,3
DA:38,3
DA:39,1
DA:40,1
DA:41,1
LF:41
LH:41
BRDA:41,0,0,1
BRDA:41,1,0,1
BRDA:41,2,0,0
BRDA:41,3,0,0
BRDA:41,4,0,0
BRDA:41,5,0,0
BRDA:41,6,0,1
BRDA:41,7,0,1
BRDA:41,8,0,1
BRDA:41,9,0,3
BRDA:41,10,0,5
BRDA:41,11,0,0
BRDA:41,12,0,3
BRDA:41,13,0,5
BRDA:41,14,0,1
BRDA:41,15,0,7
BRDA:41,16,0,2
BRDA:41,17,0,5
BRDA:41,18,0,3
BRDA:41,19,0,5
BRDA:41,20,0,0
BRDA:41,21,0,9
BRDA:41,22,0,8
BRDA:41,23,0,8
BRDA:41,24,0,0
BRDA:41,25,0,16
BRDA:41,26,0,0
BRDA:41,27,0,0
BRDA:41,28,0,0
BRDA:41,29,0,0
BRDA:41,30,0,8
BRDA:41,31,0,8
BRDA:41,32,0,5
BRDA:41,33,0,0
BRDA:41,34,0,0
BRDA:41,35,0,3
BRDA:41,36,0,0
BRDA:41,37,0,2
BRDA:41,38,0,0
BRDA:41,39,0,0
BRDA:41,40,0,0
BRDA:41,41,0,0
BRDA:41,42,0,8
BRDA:41,43,0,1
BRDA:41,44,0,8
BRDA:41,45,0,3
BRDA:41,46,0,1
BRDA:41,47,0,2
BRDA:41,48,0,0
BRDA:41,49,0,1
BRDA:41,50,0,0
BRDA:15,51,0,1
BRDA:16,52,0,2
BRDA:21,53,0,3
BRDA:41,54,0,3
BRDA:41,55,0,8
BRDA:41,56,0,3
BRDA:41,57,0,3
BRDA:28,58,0,1
BRDA:30,59,0,2
BRDA:41,60,0,2
BRF:61
BRH:41
end_of_record
TN:
SF:src/modules/users/services/AuthenticateUserService.ts
FN:63,__decorate
FN:63,__metadata
FN:63,__param
FN:63,__awaiter
FN:63,adopt
FN:63,fulfilled
FN:63,rejected
FN:63,step
FN:63,__generator
FN:63,sent
FN:63,g.<computed>
FN:63,verb
FN:63,step
FN:63,__importDefault
FN:26,AuthenticateUserService
FN:33,AuthenticateUserService.execute
FNF:16
FNH:14
FNDA:1,__decorate
FNDA:1,__metadata
FNDA:2,__param
FNDA:3,__awaiter
FNDA:5,adopt
FNDA:5,fulfilled
FNDA:0,rejected
FNDA:6,step
FNDA:3,__generator
FNDA:5,sent
FNDA:0,g.<computed>
FNDA:9,verb
FNDA:8,step
FNDA:2,__importDefault
FNDA:3,AuthenticateUserService
FNDA:3,AuthenticateUserService.execute
DA:1,1
DA:2,1
DA:3,1
DA:4,1
DA:5,1
DA:6,1
DA:7,1
DA:8,1
DA:9,1
DA:10,1
DA:11,1
DA:12,1
DA:13,1
DA:14,1
DA:15,1
DA:16,1
DA:17,1
DA:18,1
DA:19,1
DA:20,1
DA:21,1
DA:22,1
DA:23,1
DA:24,1
DA:25,1
DA:26,1
DA:27,3
DA:28,3
DA:29,3
DA:30,3
DA:31,3
DA:32,1
DA:33,1
DA:34,3
DA:35,3
DA:36,3
DA:37,1
DA:38,1
DA:39,2
DA:40,2
DA:41,2
DA:42,2
DA:43,2
DA:44,3
DA:45,3
DA:46,1
DA:47,1
DA:48,1
DA:49,1
DA:50,1
DA:51,1
DA:52,1
DA:53,1
DA:54,1
DA:55,1
DA:56,1
DA:57,1
DA:58,1
DA:59,1
DA:60,3
DA:61,1
DA:62,1
DA:63,1
LF:63
LH:63
BRDA:63,0,0,1
BRDA:63,1,0,1
BRDA:63,2,0,0
BRDA:63,3,0,0
BRDA:63,4,0,0
BRDA:63,5,0,0
BRDA:63,6,0,1
BRDA:63,7,0,2
BRDA:63,8,0,2
BRDA:63,9,0,3
BRDA:63,10,0,5
BRDA:63,11,0,0
BRDA:63,12,0,3
BRDA:63,13,0,5
BRDA:63,14,0,2
BRDA:63,15,0,6
BRDA:63,16,0,1
BRDA:63,17,0,5
BRDA:63,18,0,3
BRDA:63,19,0,5
BRDA:63,20,0,0
BRDA:63,21,0,9
BRDA:63,22,0,8
BRDA:63,23,0,8
BRDA:63,24,0,0
BRDA:63,25,0,16
BRDA:63,26,0,0
BRDA:63,27,0,0
BRDA:63,28,0,0
BRDA:63,29,0,0
BRDA:63,30,0,8
BRDA:63,31,0,8
BRDA:63,32,0,5
BRDA:63,33,0,0
BRDA:63,34,0,0
BRDA:63,35,0,3
BRDA:63,36,0,0
BRDA:63,37,0,1
BRDA:63,38,0,0
BRDA:63,39,0,0
BRDA:63,40,0,0
BRDA:63,41,0,0
BRDA:63,42,0,8
BRDA:63,43,0,2
BRDA:63,44,0,8
BRDA:63,45,0,3
BRDA:63,46,0,2
BRDA:63,47,0,1
BRDA:63,48,0,0
BRDA:63,49,0,2
BRDA:63,50,0,0
BRDA:25,51,0,1
BRDA:26,52,0,3
BRDA:33,53,0,3
BRDA:63,54,0,3
BRDA:63,55,0,8
BRDA:34,56,0,3
BRDA:63,57,0,3
BRDA:36,58,0,1
BRDA:38,59,0,2
BRDA:63,60,0,2
BRDA:45,61,0,1
BRF:62
BRH:42
end_of_record
TN:
SF:src/modules/users/services/CreateUserService.ts
FN:44,__decorate
FN:44,__metadata
FN:44,__param
FN:44,__awaiter
FN:44,adopt
FN:44,fulfilled
FN:44,rejected
FN:44,step
FN:44,__generator
FN:44,sent
FN:44,g.<computed>
FN:44,verb
FN:44,step
FN:44,__importDefault
FN:18,CreateUserService
FN:25,CreateUserService.execute
FNF:16
FNH:14
FNDA:2,__decorate
FNDA:2,__metadata
FNDA:4,__param
FNDA:5,__awaiter
FNDA:13,adopt
FNDA:13,fulfilled
FNDA:0,rejected
FNDA:17,step
FNDA:5,__generator
FNDA:13,sent
FNDA:0,g.<computed>
FNDA:15,verb
FNDA:18,step
FNDA:2,__importDefault
FNDA:4,CreateUserService
FNDA:5,CreateUserService.execute
DA:1,1
DA:2,1
DA:3,1
DA:4,1
DA:5,1
DA:6,1
DA:7,1
DA:8,1
DA:9,1
DA:10,1
DA:11,1
DA:12,1
DA:13,1
DA:14,1
DA:15,1
DA:16,1
DA:17,2
DA:18,2
DA:19,4
DA:20,4
DA:21,4
DA:22,4
DA:23,4
DA:24,2
DA:25,2
DA:26,5
DA:27,5
DA:28,5
DA:29,1
DA:30,1
DA:31,4
DA:32,4
DA:33,5
DA:34,5
DA:35,5
DA:36,5
DA:37,5
DA:38,5
DA:39,5
DA:40,5
DA:41,5
DA:42,2
DA:43,1
DA:44,1
LF:44
LH:44
BRDA:44,0,0,2
BRDA:44,1,0,2
BRDA:44,2,0,0
BRDA:44,3,0,0
BRDA:44,4,0,0
BRDA:44,5,0,0
BRDA:44,6,0,2
BRDA:44,7,0,4
BRDA:44,8,0,4
BRDA:44,9,0,5
BRDA:44,10,0,13
BRDA:44,11,0,0
BRDA:44,12,0,5
BRDA:44,13,0,13
BRDA:44,14,0,1
BRDA:44,15,0,17
BRDA:44,16,0,4
BRDA:44,17,0,13
BRDA:44,18,0,5
BRDA:44,19,0,13
BRDA:44,20,0,0
BRDA:44,21,0,15
BRDA:44,22,0,18
BRDA:44,23,0,18
BRDA:44,24,0,0
BRDA:44,25,0,36
BRDA:44,26,0,0
BRDA:44,27,0,0
BRDA:44,28,0,0
BRDA:44,29,0,0
BRDA:44,30,0,18
BRDA:44,31,0,18
BRDA:44,32,0,13
BRDA:44,33,0,0
BRDA:44,34,0,0
BRDA:44,35,0,5
BRDA:44,36,0,0
BRDA:44,37,0,4
BRDA:44,38,0,0
BRDA:44,39,0,0
BRDA:44,40,0,0
BRDA:44,41,0,0
BRDA:44,42,0,18
BRDA:44,43,0,1
BRDA:44,44,0,18
BRDA:44,45,0,5
BRDA:44,46,0,1
BRDA:44,47,0,4
BRDA:44,48,0,0
BRDA:44,49,0,2
BRDA:44,50,0,0
BRDA:17,51,0,2
BRDA:18,52,0,4
BRDA:25,53,0,5
BRDA:44,54,0,5
BRDA:44,55,0,18
BRDA:26,56,0,5
BRDA:44,57,0,5
BRDA:28,58,0,1
BRDA:30,59,0,4
BRDA:44,60,0,4
BRDA:44,61,0,4
BRF:62
BRH:42
end_of_record
TN:
SF:src/modules/users/services/SendForgotPasswordEmailService.ts
FN:37,__decorate
FN:37,__metadata
FN:37,__param
FN:37,__awaiter
FN:37,adopt
FN:37,fulfilled
FN:37,rejected
FN:37,step
FN:37,__generator
FN:37,sent
FN:37,g.<computed>
FN:37,verb
FN:37,step
FN:37,__importDefault
FN:15,SendForgotPasswordEmailService
FN:24,SendForgotPasswordEmailService.execute
FNF:16
FNH:14
FNDA:1,__decorate
FNDA:1,__metadata
FNDA:3,__param
FNDA:3,__awaiter
FNDA:5,adopt
FNDA:5,fulfilled
FNDA:0,rejected
FNDA:7,step
FNDA:3,__generator
FNDA:5,sent
FNDA:0,g.<computed>
FNDA:9,verb
FNDA:8,step
FNDA:1,__importDefault
FNDA:3,SendForgotPasswordEmailService
FNDA:3,SendForgotPasswordEmailService.execute
DA:1,1
DA:2,1
DA:3,1
DA:4,1
DA:5,1
DA:6,1
DA:7,1
DA:8,1
DA:9,1
DA:10,1
DA:11,1
DA:12,1
DA:13,1
DA:14,1
DA:15,1
DA:16,3
DA:17,3
DA:18,3
DA:19,3
DA:20,3
DA:21,3
DA:22,3
DA:23,1
DA:24,1
DA:25,3
DA:26,3
DA:27,3
DA:28,1
DA:29,1
DA:30,2
DA:31,2
DA:32,3
DA:33,3
DA:34,3
DA:35,1
DA:36,1
DA:37,1
LF:37
LH:37
BRDA:37,0,0,1
BRDA:37,1,0,1
BRDA:37,2,0,0
BRDA:37,3,0,0
BRDA:37,4,0,0
BRDA:37,5,0,0
BRDA:37,6,0,1
BRDA:37,7,0,3
BRDA:37,8,0,3
BRDA:37,9,0,3
BRDA:37,10,0,5
BRDA:37,11,0,0
BRDA:37,12,0,3
BRDA:37,13,0,5
BRDA:37,14,0,1
BRDA:37,15,0,7
BRDA:37,16,0,2
BRDA:37,17,0,5
BRDA:37,18,0,3
BRDA:37,19,0,5
BRDA:37,20,0,0
BRDA:37,21,0,9
BRDA:37,22,0,8
BRDA:37,23,0,8
BRDA:37,24,0,0
BRDA:37,25,0,16
BRDA:37,26,0,0
BRDA:37,27,0,0
BRDA:37,28,0,0
BRDA:37,29,0,0
BRDA:37,30,0,8
BRDA:37,31,0,8
BRDA:37,32,0,5
BRDA:37,33,0,0
BRDA:37,34,0,0
BRDA:37,35,0,3
BRDA:37,36,0,0
BRDA:37,37,0,2
BRDA:37,38,0,0
BRDA:37,39,0,0
BRDA:37,40,0,0
BRDA:37,41,0,0
BRDA:37,42,0,8
BRDA:37,43,0,1
BRDA:37,44,0,8
BRDA:37,45,0,3
BRDA:37,46,0,1
BRDA:37,47,0,2
BRDA:37,48,0,0
BRDA:37,49,0,1
BRDA:37,50,0,0
BRDA:14,51,0,1
BRDA:15,52,0,3
BRDA:24,53,0,3
BRDA:37,54,0,3
BRDA:37,55,0,8
BRDA:25,56,0,3
BRDA:37,57,0,3
BRDA:27,58,0,1
BRDA:29,59,0,2
BRDA:37,60,0,2
BRF:61
BRH:41
end_of_record
TN:
SF:src/modules/users/services/UpdateUserAvatarService.ts
FN:44,__decorate
FN:44,__metadata
FN:44,__param
FN:44,__awaiter
FN:44,adopt
FN:44,fulfilled
FN:44,rejected
FN:44,step
FN:44,__generator
FN:44,sent
FN:44,g.<computed>
FN:44,verb
FN:44,step
FN:44,__importDefault
FN:16,UpdateUserAvatarService
FN:23,UpdateUserAvatarService.execute
FNF:16
FNH:14
FNDA:1,__decorate
FNDA:1,__metadata
FNDA:2,__param
FNDA:4,__awaiter
FNDA:11,adopt
FNDA:11,fulfilled
FNDA:0,rejected
FNDA:14,step
FNDA:4,__generator
FNDA:11,sent
FNDA:0,g.<computed>
FNDA:12,verb
FNDA:15,step
FNDA:1,__importDefault
FNDA:3,UpdateUserAvatarService
FNDA:4,UpdateUserAvatarService.execute
DA:1,1
DA:2,1
DA:3,1
DA:4,1
DA:5,1
DA:6,1
DA:7,1
DA:8,1
DA:9,1
DA:10,1
DA:11,1
DA:12,1
DA:13,1
DA:14,1
DA:15,1
DA:16,1
DA:17,3
DA:18,3
DA:19,3
DA:20,3
DA:21,3
DA:22,1
DA:23,1
DA:24,4
DA:25,4
DA:26,4
DA:27,1
DA:28,1
DA:29,3
DA:30,3
DA:31,1
DA:32,4
DA:33,4
DA:34,4
DA:35,4
DA:36,4
DA:37,4
DA:38,4
DA:39,4
DA:40,4
DA:41,4
DA:42,1
DA:43,1
DA:44,1
LF:44
LH:44
BRDA:44,0,0,1
BRDA:44,1,0,1
BRDA:44,2,0,0
BRDA:44,3,0,0
BRDA:44,4,0,0
BRDA:44,5,0,0
BRDA:44,6,0,1
BRDA:44,7,0,2
BRDA:44,8,0,2
BRDA:44,9,0,4
BRDA:44,10,0,11
BRDA:44,11,0,0
BRDA:44,12,0,4
BRDA:44,13,0,11
BRDA:44,14,0,1
BRDA:44,15,0,14
BRDA:44,16,0,3
BRDA:44,17,0,11
BRDA:44,18,0,4
BRDA:44,19,0,11
BRDA:44,20,0,0
BRDA:44,21,0,12
BRDA:44,22,0,15
BRDA:44,23,0,15
BRDA:44,24,0,0
BRDA:44,25,0,32
BRDA:44,26,0,0
BRDA:44,27,0,0
BRDA:44,28,0,0
BRDA:44,29,0,0
BRDA:44,30,0,15
BRDA:44,31,0,15
BRDA:44,32,0,11
BRDA:44,33,0,0
BRDA:44,34,0,0
BRDA:44,35,0,6
BRDA:44,36,0,0
BRDA:44,37,0,5
BRDA:44,38,0,4
BRDA:44,39,0,2
BRDA:44,40,0,0
BRDA:44,41,0,2
BRDA:44,42,0,0
BRDA:44,43,0,0
BRDA:44,44,0,0
BRDA:44,45,0,17
BRDA:44,46,0,1
BRDA:44,47,0,17
BRDA:44,48,0,4
BRDA:44,49,0,1
BRDA:44,50,0,3
BRDA:44,51,0,0
BRDA:44,52,0,1
BRDA:44,53,0,0
BRDA:15,54,0,1
BRDA:16,55,0,3
BRDA:23,56,0,4
BRDA:44,57,0,4
BRDA:44,58,0,17
BRDA:24,59,0,4
BRDA:44,60,0,4
BRDA:26,61,0,1
BRDA:28,62,0,3
BRDA:30,63,0,2
BRDA:30,64,0,1
BRDA:44,65,0,1
BRDA:34,66,0,3
BRDA:44,67,0,3
BRDA:44,68,0,3
BRF:69
BRH:49
end_of_record
