TN:
SF:src/modules/appointments/services/CreateAppointmentService.ts
FN:71,__decorate
FN:71,__metadata
FN:71,__param
FN:71,__awaiter
FN:71,adopt
FN:71,fulfilled
FN:71,rejected
FN:71,step
FN:71,__generator
FN:71,sent
FN:71,g.<computed>
FN:71,verb
FN:71,step
FN:71,__importDefault
FN:18,CreateAppointmentService
FN:26,CreateAppointmentService.execute
FNF:16
FNH:14
FNDA:1,__decorate
FNDA:1,__metadata
FNDA:2,__param
FNDA:7,__awaiter
FNDA:6,adopt
FNDA:6,fulfilled
FNDA:0,rejected
FNDA:8,step
FNDA:7,__generator
FNDA:6,sent
FNDA:0,g.<computed>
FNDA:21,verb
FNDA:13,step
FNDA:1,__importDefault
FNDA:5,CreateAppointmentService
FNDA:7,CreateAppointmentService.execute
DA:1,1
DA:2,1
DA:3,1
DA:4,1
DA:5,1
DA:6,1
DA:7,1
DA:8,1
DA:9,1
DA:10,1
DA:11,1
DA:12,1
DA:13,1
DA:14,1
DA:15,1
DA:16,1
DA:17,1
DA:18,1
DA:19,5
DA:20,5
DA:21,5
DA:22,5
DA:23,5
DA:24,5
DA:25,1
DA:26,1
DA:27,7
DA:28,7
DA:29,7
DA:30,7
DA:31,7
DA:32,7
DA:33,7
DA:34,4
DA:35,4
DA:36,3
DA:37,7
DA:38,1
DA:39,1
DA:40,2
DA:41,7
DA:42,0
DA:43,0
DA:44,0
DA:45,0
DA:46,2
DA:47,2
DA:48,2
DA:49,7
DA:50,7
DA:51,0
DA:52,0
DA:53,7
DA:54,7
DA:55,7
DA:56,7
DA:57,7
DA:58,7
DA:59,7
DA:60,7
DA:61,7
DA:62,7
DA:63,7
DA:64,7
DA:65,7
DA:66,7
DA:67,7
DA:68,7
DA:69,1
DA:70,1
DA:71,1
LF:71
LH:65
BRDA:71,0,0,1
BRDA:71,1,0,1
BRDA:71,2,0,0
BRDA:71,3,0,0
BRDA:71,4,0,0
BRDA:71,5,0,0
BRDA:71,6,0,1
BRDA:71,7,0,2
BRDA:71,8,0,2
BRDA:71,9,0,7
BRDA:71,10,0,6
BRDA:71,11,0,0
BRDA:71,12,0,7
BRDA:71,13,0,6
BRDA:71,14,0,0
BRDA:71,15,0,8
BRDA:71,16,0,2
BRDA:71,17,0,6
BRDA:71,18,0,7
BRDA:71,19,0,6
BRDA:71,20,0,0
BRDA:71,21,0,21
BRDA:71,22,0,13
BRDA:71,23,0,13
BRDA:71,24,0,0
BRDA:71,25,0,26
BRDA:71,26,0,0
BRDA:71,27,0,0
BRDA:71,28,0,0
BRDA:71,29,0,0
BRDA:71,30,0,13
BRDA:71,31,0,13
BRDA:71,32,0,6
BRDA:71,33,0,0
BRDA:71,34,0,0
BRDA:71,35,0,7
BRDA:71,36,0,0
BRDA:71,37,0,2
BRDA:71,38,0,0
BRDA:71,39,0,0
BRDA:71,40,0,0
BRDA:71,41,0,0
BRDA:71,42,0,13
BRDA:71,43,0,5
BRDA:71,44,0,13
BRDA:71,45,0,7
BRDA:71,46,0,5
BRDA:71,47,0,2
BRDA:71,48,0,0
BRDA:71,49,0,1
BRDA:71,50,0,0
BRDA:17,51,0,1
BRDA:18,52,0,5
BRDA:26,53,0,7
BRDA:71,54,0,7
BRDA:71,55,0,13
BRDA:71,56,0,7
BRDA:33,57,0,4
BRDA:35,58,0,3
BRDA:37,59,0,1
BRDA:39,60,0,2
BRDA:41,61,0,0
BRDA:45,62,0,2
BRDA:71,63,0,2
BRDA:50,64,0,0
BRDA:71,65,0,2
BRDA:71,66,0,2
BRF:67
BRH:44
end_of_record
TN:
SF:src/modules/appointments/services/ListProviderAppointmentsService.ts
FN:32,__decorate
FN:32,__metadata
FN:32,__param
FN:32,__awaiter
FN:32,adopt
FN:32,fulfilled
FN:32,rejected
FN:32,step
FN:32,__generator
FN:32,sent
FN:32,g.<computed>
FN:32,verb
FN:32,step
FN:15,ListProviderAppointmentsService
FN:20,ListProviderAppointmentsService.execute
FNF:15
FNH:13
FNDA:1,__decorate
FNDA:1,__metadata
FNDA:1,__param
FNDA:1,__awaiter
FNDA:1,adopt
FNDA:1,fulfilled
FNDA:0,rejected
FNDA:2,step
FNDA:1,__generator
FNDA:1,sent
FNDA:0,g.<computed>
FNDA:3,verb
FNDA:2,step
FNDA:1,ListProviderAppointmentsService
FNDA:1,ListProviderAppointmentsService.execute
DA:1,1
DA:2,1
DA:3,1
DA:4,1
DA:5,1
DA:6,1
DA:7,1
DA:8,1
DA:9,1
DA:10,1
DA:11,1
DA:12,1
DA:13,1
DA:14,1
DA:15,1
DA:16,1
DA:17,1
DA:18,1
DA:19,1
DA:20,1
DA:21,1
DA:22,1
DA:23,1
DA:24,1
DA:25,1
DA:26,1
DA:27,1
DA:28,1
DA:29,1
DA:30,1
DA:31,1
DA:32,1
LF:32
LH:32
BRDA:32,0,0,1
BRDA:32,1,0,1
BRDA:32,2,0,0
BRDA:32,3,0,0
BRDA:32,4,0,0
BRDA:32,5,0,0
BRDA:32,6,0,1
BRDA:32,7,0,1
BRDA:32,8,0,1
BRDA:32,9,0,1
BRDA:32,10,0,1
BRDA:32,11,0,0
BRDA:32,12,0,1
BRDA:32,13,0,1
BRDA:32,14,0,0
BRDA:32,15,0,2
BRDA:32,16,0,1
BRDA:32,17,0,1
BRDA:32,18,0,1
BRDA:32,19,0,1
BRDA:32,20,0,0
BRDA:32,21,0,3
BRDA:32,22,0,2
BRDA:32,23,0,2
BRDA:32,24,0,0
BRDA:32,25,0,4
BRDA:32,26,0,0
BRDA:32,27,0,0
BRDA:32,28,0,0
BRDA:32,29,0,0
BRDA:32,30,0,2
BRDA:32,31,0,2
BRDA:32,32,0,1
BRDA:32,33,0,0
BRDA:32,34,0,0
BRDA:32,35,0,1
BRDA:32,36,0,0
BRDA:32,37,0,0
BRDA:32,38,0,0
BRDA:32,39,0,0
BRDA:32,40,0,0
BRDA:32,41,0,2
BRDA:32,42,0,0
BRDA:32,43,0,2
BRDA:32,44,0,1
BRDA:32,45,0,0
BRDA:32,46,0,1
BRDA:32,47,0,0
BRDA:14,48,0,1
BRDA:15,49,0,1
BRDA:20,50,0,1
BRDA:32,51,0,1
BRDA:32,52,0,2
BRDA:26,53,0,1
BRDA:32,54,0,1
BRF:55
BRH:33
end_of_record
TN:
SF:src/modules/appointments/services/ListProviderDayAvailabilityService.ts
FN:63,__decorate
FN:63,__metadata
FN:63,__param
FN:63,__awaiter
FN:63,adopt
FN:63,fulfilled
FN:63,rejected
FN:63,step
FN:63,__generator
FN:63,sent
FN:63,g.<computed>
FN:63,verb
FN:63,step
FN:19,ListProviderDayAvailabilityService
FN:24,ListProviderDayAvailabilityService.execute
FNF:15
FNH:13
FNDA:1,__decorate
FNDA:1,__metadata
FNDA:1,__param
FNDA:1,__awaiter
FNDA:1,adopt
FNDA:1,fulfilled
FNDA:0,rejected
FNDA:2,step
FNDA:1,__generator
FNDA:1,sent
FNDA:0,g.<computed>
FNDA:3,verb
FNDA:2,step
FNDA:1,ListProviderDayAvailabilityService
FNDA:1,ListProviderDayAvailabilityService.execute
DA:1,1
DA:2,1
DA:3,1
DA:4,1
DA:5,1
DA:6,1
DA:7,1
DA:8,1
DA:9,1
DA:10,1
DA:11,1
DA:12,1
DA:13,1
DA:14,1
DA:15,1
DA:16,1
DA:17,1
DA:18,1
DA:19,1
DA:20,1
DA:21,1
DA:22,1
DA:23,1
DA:24,1
DA:25,1
DA:26,1
DA:27,1
DA:28,1
DA:29,1
DA:30,1
DA:31,1
DA:32,1
DA:33,1
DA:34,1
DA:35,1
DA:36,1
DA:37,1
DA:38,1
DA:39,1
DA:40,1
DA:41,1
DA:42,1
DA:43,1
DA:44,1
DA:45,1
DA:46,1
DA:47,1
DA:48,1
DA:49,10
DA:50,10
DA:51,10
DA:52,10
DA:53,10
DA:54,10
DA:55,10
DA:56,10
DA:57,10
DA:58,10
DA:59,1
DA:60,1
DA:61,1
DA:62,1
DA:63,1
LF:63
LH:63
BRDA:63,0,0,1
BRDA:63,1,0,1
BRDA:63,2,0,0
BRDA:63,3,0,0
BRDA:63,4,0,0
BRDA:63,5,0,0
BRDA:63,6,0,1
BRDA:63,7,0,1
BRDA:63,8,0,1
BRDA:63,9,0,1
BRDA:63,10,0,1
BRDA:63,11,0,0
BRDA:63,12,0,1
BRDA:63,13,0,1
BRDA:63,14,0,0
BRDA:63,15,0,2
BRDA:63,16,0,1
BRDA:63,17,0,1
BRDA:63,18,0,1
BRDA:63,19,0,1
BRDA:63,20,0,0
BRDA:63,21,0,3
BRDA:63,22,0,2
BRDA:63,23,0,2
BRDA:63,24,0,0
BRDA:63,25,0,4
BRDA:63,26,0,0
BRDA:63,27,0,0
BRDA:63,28,0,0
BRDA:63,29,0,0
BRDA:63,30,0,2
BRDA:63,31,0,2
BRDA:63,32,0,1
BRDA:63,33,0,0
BRDA:63,34,0,0
BRDA:63,35,0,1
BRDA:63,36,0,0
BRDA:63,37,0,0
BRDA:63,38,0,0
BRDA:63,39,0,0
BRDA:63,40,0,0
BRDA:63,41,0,2
BRDA:63,42,0,0
BRDA:63,43,0,2
BRDA:63,44,0,1
BRDA:63,45,0,0
BRDA:63,46,0,1
BRDA:63,47,0,0
BRDA:18,48,0,1
BRDA:19,49,0,1
BRDA:24,50,0,1
BRDA:63,51,0,1
BRDA:63,52,0,2
BRDA:30,53,0,1
BRDA:63,54,0,1
BRDA:43,55,0,10
BRDA:48,56,0,10
BRDA:57,57,0,8
BRDA:50,58,0,19
BRF:59
BRH:37
end_of_record
TN:
SF:src/modules/appointments/services/ListProviderMonthAvailabilityService.ts
FN:54,__decorate
FN:54,__metadata
FN:54,__param
FN:54,__awaiter
FN:54,adopt
FN:54,fulfilled
FN:54,rejected
FN:54,step
FN:54,__generator
FN:54,sent
FN:54,g.<computed>
FN:54,verb
FN:54,step
FN:19,ListProviderMonthAvailabilityService
FN:24,ListProviderMonthAvailabilityService.execute
FNF:15
FNH:13
FNDA:1,__decorate
FNDA:1,__metadata
FNDA:1,__param
FNDA:1,__awaiter
FNDA:1,adopt
FNDA:1,fulfilled
FNDA:0,rejected
FNDA:2,step
FNDA:1,__generator
FNDA:1,sent
FNDA:0,g.<computed>
FNDA:3,verb
FNDA:2,step
FNDA:1,ListProviderMonthAvailabilityService
FNDA:1,ListProviderMonthAvailabilityService.execute
DA:1,1
DA:2,1
DA:3,1
DA:4,1
DA:5,1
DA:6,1
DA:7,1
DA:8,1
DA:9,1
DA:10,1
DA:11,1
DA:12,1
DA:13,1
DA:14,1
DA:15,1
DA:16,1
DA:17,1
DA:18,1
DA:19,1
DA:20,1
DA:21,1
DA:22,1
DA:23,1
DA:24,1
DA:25,1
DA:26,1
DA:27,1
DA:28,1
DA:29,1
DA:30,1
DA:31,1
DA:32,1
DA:33,1
DA:34,1
DA:35,1
DA:36,1
DA:37,1
DA:38,1
DA:39,1
DA:40,1
DA:41,1
DA:42,1
DA:43,31
DA:44,341
DA:45,31
DA:46,31
DA:47,31
DA:48,31
DA:49,31
DA:50,1
DA:51,1
DA:52,1
DA:53,1
DA:54,1
LF:54
LH:54
BRDA:54,0,0,1
BRDA:54,1,0,1
BRDA:54,2,0,0
BRDA:54,3,0,0
BRDA:54,4,0,0
BRDA:54,5,0,0
BRDA:54,6,0,1
BRDA:54,7,0,1
BRDA:54,8,0,1
BRDA:54,9,0,1
BRDA:54,10,0,1
BRDA:54,11,0,0
BRDA:54,12,0,1
BRDA:54,13,0,1
BRDA:54,14,0,0
BRDA:54,15,0,2
BRDA:54,16,0,1
BRDA:54,17,0,1
BRDA:54,18,0,1
BRDA:54,19,0,1
BRDA:54,20,0,0
BRDA:54,21,0,3
BRDA:54,22,0,2
BRDA:54,23,0,2
BRDA:54,24,0,0
BRDA:54,25,0,4
BRDA:54,26,0,0
BRDA:54,27,0,0
BRDA:54,28,0,0
BRDA:54,29,0,0
BRDA:54,30,0,2
BRDA:54,31,0,2
BRDA:54,32,0,1
BRDA:54,33,0,0
BRDA:54,34,0,0
BRDA:54,35,0,1
BRDA:54,36,0,0
BRDA:54,37,0,0
BRDA:54,38,0,0
BRDA:54,39,0,0
BRDA:54,40,0,0
BRDA:54,41,0,2
BRDA:54,42,0,0
BRDA:54,43,0,2
BRDA:54,44,0,1
BRDA:54,45,0,0
BRDA:54,46,0,1
BRDA:54,47,0,0
BRDA:18,48,0,1
BRDA:19,49,0,1
BRDA:24,50,0,1
BRDA:54,51,0,1
BRDA:54,52,0,2
BRDA:29,53,0,1
BRDA:54,54,0,1
BRDA:39,55,0,31
BRDA:42,56,0,31
BRDA:43,57,0,341
BRF:58
BRH:36
end_of_record
TN:
SF:src/modules/appointments/services/ListProvidersService.ts
FN:25,__decorate
FN:25,__metadata
FN:25,__param
FN:25,__awaiter
FN:25,adopt
FN:25,fulfilled
FN:25,rejected
FN:25,step
FN:25,__generator
FN:25,sent
FN:25,g.<computed>
FN:25,verb
FN:25,step
FN:13,ListProvidersService
FN:18,ListProvidersService.execute
FNF:15
FNH:13
FNDA:1,__decorate
FNDA:1,__metadata
FNDA:1,__param
FNDA:1,__awaiter
FNDA:1,adopt
FNDA:1,fulfilled
FNDA:0,rejected
FNDA:2,step
FNDA:1,__generator
FNDA:1,sent
FNDA:0,g.<computed>
FNDA:3,verb
FNDA:2,step
FNDA:1,ListProvidersService
FNDA:1,ListProvidersService.execute
DA:1,1
DA:2,1
DA:3,1
DA:4,1
DA:5,1
DA:6,1
DA:7,1
DA:8,1
DA:9,1
DA:10,1
DA:11,1
DA:12,1
DA:13,1
DA:14,1
DA:15,1
DA:16,1
DA:17,1
DA:18,1
DA:19,1
DA:20,1
DA:21,1
DA:22,1
DA:23,1
DA:24,1
DA:25,1
LF:25
LH:25
BRDA:25,0,0,1
BRDA:25,1,0,1
BRDA:25,2,0,0
BRDA:25,3,0,0
BRDA:25,4,0,0
BRDA:25,5,0,0
BRDA:25,6,0,1
BRDA:25,7,0,1
BRDA:25,8,0,1
BRDA:25,9,0,1
BRDA:25,10,0,1
BRDA:25,11,0,0
BRDA:25,12,0,1
BRDA:25,13,0,1
BRDA:25,14,0,0
BRDA:25,15,0,2
BRDA:25,16,0,1
BRDA:25,17,0,1
BRDA:25,18,0,1
BRDA:25,19,0,1
BRDA:25,20,0,0
BRDA:25,21,0,3
BRDA:25,22,0,2
BRDA:25,23,0,2
BRDA:25,24,0,0
BRDA:25,25,0,4
BRDA:25,26,0,0
BRDA:25,27,0,0
BRDA:25,28,0,0
BRDA:25,29,0,0
BRDA:25,30,0,2
BRDA:25,31,0,2
BRDA:25,32,0,1
BRDA:25,33,0,0
BRDA:25,34,0,0
BRDA:25,35,0,1
BRDA:25,36,0,0
BRDA:25,37,0,0
BRDA:25,38,0,0
BRDA:25,39,0,0
BRDA:25,40,0,0
BRDA:25,41,0,2
BRDA:25,42,0,0
BRDA:25,43,0,2
BRDA:25,44,0,1
BRDA:25,45,0,0
BRDA:25,46,0,1
BRDA:25,47,0,0
BRDA:12,48,0,1
BRDA:13,49,0,1
BRDA:18,50,0,1
BRDA:25,51,0,1
BRDA:25,52,0,2
BRDA:19,53,0,1
BRDA:25,54,0,1
BRF:55
BRH:33
end_of_record
TN:
SF:src/modules/users/services/AuthenticateUserService.ts
FN:63,__decorate
FN:63,__metadata
FN:63,__param
FN:63,__awaiter
FN:63,adopt
FN:63,fulfilled
FN:63,rejected
FN:63,step
FN:63,__generator
FN:63,sent
FN:63,g.<computed>
FN:63,verb
FN:63,step
FN:63,__importDefault
FN:26,AuthenticateUserService
FN:33,AuthenticateUserService.execute
FNF:16
FNH:14
FNDA:1,__decorate
FNDA:1,__metadata
FNDA:2,__param
FNDA:3,__awaiter
FNDA:5,adopt
FNDA:5,fulfilled
FNDA:0,rejected
FNDA:6,step
FNDA:3,__generator
FNDA:5,sent
FNDA:0,g.<computed>
FNDA:9,verb
FNDA:8,step
FNDA:2,__importDefault
FNDA:3,AuthenticateUserService
FNDA:3,AuthenticateUserService.execute
DA:1,1
DA:2,1
DA:3,1
DA:4,1
DA:5,1
DA:6,1
DA:7,1
DA:8,1
DA:9,1
DA:10,1
DA:11,1
DA:12,1
DA:13,1
DA:14,1
DA:15,1
DA:16,1
DA:17,1
DA:18,1
DA:19,1
DA:20,1
DA:21,1
DA:22,1
DA:23,1
DA:24,1
DA:25,1
DA:26,1
DA:27,3
DA:28,3
DA:29,3
DA:30,3
DA:31,3
DA:32,1
DA:33,1
DA:34,3
DA:35,3
DA:36,3
DA:37,1
DA:38,1
DA:39,2
DA:40,2
DA:41,2
DA:42,2
DA:43,2
DA:44,3
DA:45,3
DA:46,1
DA:47,1
DA:48,1
DA:49,1
DA:50,1
DA:51,1
DA:52,1
DA:53,1
DA:54,1
DA:55,1
DA:56,1
DA:57,1
DA:58,1
DA:59,1
DA:60,3
DA:61,1
DA:62,1
DA:63,1
LF:63
LH:63
BRDA:63,0,0,1
BRDA:63,1,0,1
BRDA:63,2,0,0
BRDA:63,3,0,0
BRDA:63,4,0,0
BRDA:63,5,0,0
BRDA:63,6,0,1
BRDA:63,7,0,2
BRDA:63,8,0,2
BRDA:63,9,0,3
BRDA:63,10,0,5
BRDA:63,11,0,0
BRDA:63,12,0,3
BRDA:63,13,0,5
BRDA:63,14,0,2
BRDA:63,15,0,6
BRDA:63,16,0,1
BRDA:63,17,0,5
BRDA:63,18,0,3
BRDA:63,19,0,5
BRDA:63,20,0,0
BRDA:63,21,0,9
BRDA:63,22,0,8
BRDA:63,23,0,8
BRDA:63,24,0,0
BRDA:63,25,0,16
BRDA:63,26,0,0
BRDA:63,27,0,0
BRDA:63,28,0,0
BRDA:63,29,0,0
BRDA:63,30,0,8
BRDA:63,31,0,8
BRDA:63,32,0,5
BRDA:63,33,0,0
BRDA:63,34,0,0
BRDA:63,35,0,3
BRDA:63,36,0,0
BRDA:63,37,0,1
BRDA:63,38,0,0
BRDA:63,39,0,0
BRDA:63,40,0,0
BRDA:63,41,0,0
BRDA:63,42,0,8
BRDA:63,43,0,2
BRDA:63,44,0,8
BRDA:63,45,0,3
BRDA:63,46,0,2
BRDA:63,47,0,1
BRDA:63,48,0,0
BRDA:63,49,0,2
BRDA:63,50,0,0
BRDA:25,51,0,1
BRDA:26,52,0,3
BRDA:33,53,0,3
BRDA:63,54,0,3
BRDA:63,55,0,8
BRDA:34,56,0,3
BRDA:63,57,0,3
BRDA:36,58,0,1
BRDA:38,59,0,2
BRDA:63,60,0,2
BRDA:45,61,0,1
BRF:62
BRH:42
end_of_record
TN:
SF:src/modules/users/services/CreateUserService.ts
FN:44,__decorate
FN:44,__metadata
FN:44,__param
FN:44,__awaiter
FN:44,adopt
FN:44,fulfilled
FN:44,rejected
FN:44,step
FN:44,__generator
FN:44,sent
FN:44,g.<computed>
FN:44,verb
FN:44,step
FN:44,__importDefault
FN:18,CreateUserService
FN:25,CreateUserService.execute
FNF:16
FNH:14
FNDA:2,__decorate
FNDA:2,__metadata
FNDA:4,__param
FNDA:5,__awaiter
FNDA:13,adopt
FNDA:13,fulfilled
FNDA:0,rejected
FNDA:17,step
FNDA:5,__generator
FNDA:13,sent
FNDA:0,g.<computed>
FNDA:15,verb
FNDA:18,step
FNDA:2,__importDefault
FNDA:5,CreateUserService
FNDA:5,CreateUserService.execute
DA:1,1
DA:2,1
DA:3,1
DA:4,1
DA:5,1
DA:6,1
DA:7,1
DA:8,1
DA:9,1
DA:10,1
DA:11,1
DA:12,1
DA:13,1
DA:14,1
DA:15,1
DA:16,1
DA:17,2
DA:18,2
DA:19,5
DA:20,5
DA:21,5
DA:22,5
DA:23,5
DA:24,2
DA:25,2
DA:26,5
DA:27,5
DA:28,5
DA:29,1
DA:30,1
DA:31,4
DA:32,4
DA:33,5
DA:34,5
DA:35,5
DA:36,5
DA:37,5
DA:38,5
DA:39,5
DA:40,5
DA:41,5
DA:42,2
DA:43,1
DA:44,1
LF:44
LH:44
BRDA:44,0,0,2
BRDA:44,1,0,2
BRDA:44,2,0,0
BRDA:44,3,0,0
BRDA:44,4,0,0
BRDA:44,5,0,0
BRDA:44,6,0,2
BRDA:44,7,0,4
BRDA:44,8,0,4
BRDA:44,9,0,5
BRDA:44,10,0,13
BRDA:44,11,0,0
BRDA:44,12,0,5
BRDA:44,13,0,13
BRDA:44,14,0,1
BRDA:44,15,0,17
BRDA:44,16,0,4
BRDA:44,17,0,13
BRDA:44,18,0,5
BRDA:44,19,0,13
BRDA:44,20,0,0
BRDA:44,21,0,15
BRDA:44,22,0,18
BRDA:44,23,0,18
BRDA:44,24,0,0
BRDA:44,25,0,36
BRDA:44,26,0,0
BRDA:44,27,0,0
BRDA:44,28,0,0
BRDA:44,29,0,0
BRDA:44,30,0,18
BRDA:44,31,0,18
BRDA:44,32,0,13
BRDA:44,33,0,0
BRDA:44,34,0,0
BRDA:44,35,0,5
BRDA:44,36,0,0
BRDA:44,37,0,4
BRDA:44,38,0,0
BRDA:44,39,0,0
BRDA:44,40,0,0
BRDA:44,41,0,0
BRDA:44,42,0,18
BRDA:44,43,0,1
BRDA:44,44,0,18
BRDA:44,45,0,5
BRDA:44,46,0,1
BRDA:44,47,0,4
BRDA:44,48,0,0
BRDA:44,49,0,2
BRDA:44,50,0,0
BRDA:17,51,0,2
BRDA:18,52,0,5
BRDA:25,53,0,5
BRDA:44,54,0,5
BRDA:44,55,0,18
BRDA:26,56,0,5
BRDA:44,57,0,5
BRDA:28,58,0,1
BRDA:30,59,0,4
BRDA:44,60,0,4
BRDA:44,61,0,4
BRF:62
BRH:42
end_of_record
TN:
SF:src/modules/users/services/ResetPasswordService.ts
FN:55,__decorate
FN:55,__metadata
FN:55,__param
FN:55,__awaiter
FN:55,adopt
FN:55,fulfilled
FN:55,rejected
FN:55,step
FN:55,__generator
FN:55,sent
FN:55,g.<computed>
FN:55,verb
FN:55,step
FN:55,__importDefault
FN:18,ResetPasswordService
FN:29,ResetPasswordService.execute
FNF:16
FNH:14
FNDA:1,__decorate
FNDA:1,__metadata
FNDA:3,__param
FNDA:4,__awaiter
FNDA:9,adopt
FNDA:9,fulfilled
FNDA:0,rejected
FNDA:10,step
FNDA:4,__generator
FNDA:9,sent
FNDA:0,g.<computed>
FNDA:12,verb
FNDA:13,step
FNDA:1,__importDefault
FNDA:4,ResetPasswordService
FNDA:4,ResetPasswordService.execute
DA:1,1
DA:2,1
DA:3,1
DA:4,1
DA:5,1
DA:6,1
DA:7,1
DA:8,1
DA:9,1
DA:10,1
DA:11,1
DA:12,1
DA:13,1
DA:14,1
DA:15,1
DA:16,1
DA:17,1
DA:18,1
DA:19,4
DA:20,4
DA:21,4
DA:22,4
DA:23,4
DA:24,4
DA:25,4
DA:26,4
DA:27,4
DA:28,1
DA:29,1
DA:30,4
DA:31,4
DA:32,4
DA:33,1
DA:34,1
DA:35,3
DA:36,3
DA:37,4
DA:38,4
DA:39,1
DA:40,1
DA:41,2
DA:42,2
DA:43,2
DA:44,2
DA:45,4
DA:46,1
DA:47,1
DA:48,1
DA:49,1
DA:50,4
DA:51,4
DA:52,4
DA:53,1
DA:54,1
DA:55,1
LF:55
LH:55
BRDA:55,0,0,1
BRDA:55,1,0,1
BRDA:55,2,0,0
BRDA:55,3,0,0
BRDA:55,4,0,0
BRDA:55,5,0,0
BRDA:55,6,0,1
BRDA:55,7,0,3
BRDA:55,8,0,3
BRDA:55,9,0,4
BRDA:55,10,0,9
BRDA:55,11,0,0
BRDA:55,12,0,4
BRDA:55,13,0,9
BRDA:55,14,0,3
BRDA:55,15,0,10
BRDA:55,16,0,1
BRDA:55,17,0,9
BRDA:55,18,0,4
BRDA:55,19,0,9
BRDA:55,20,0,0
BRDA:55,21,0,12
BRDA:55,22,0,13
BRDA:55,23,0,13
BRDA:55,24,0,0
BRDA:55,25,0,26
BRDA:55,26,0,0
BRDA:55,27,0,0
BRDA:55,28,0,0
BRDA:55,29,0,0
BRDA:55,30,0,13
BRDA:55,31,0,13
BRDA:55,32,0,9
BRDA:55,33,0,0
BRDA:55,34,0,0
BRDA:55,35,0,4
BRDA:55,36,0,0
BRDA:55,37,0,1
BRDA:55,38,0,0
BRDA:55,39,0,0
BRDA:55,40,0,0
BRDA:55,41,0,0
BRDA:55,42,0,13
BRDA:55,43,0,3
BRDA:55,44,0,13
BRDA:55,45,0,4
BRDA:55,46,0,3
BRDA:55,47,0,1
BRDA:55,48,0,0
BRDA:55,49,0,1
BRDA:55,50,0,0
BRDA:17,51,0,1
BRDA:18,52,0,4
BRDA:29,53,0,4
BRDA:55,54,0,4
BRDA:55,55,0,13
BRDA:30,56,0,4
BRDA:55,57,0,4
BRDA:32,58,0,1
BRDA:34,59,0,3
BRDA:55,60,0,3
BRDA:38,61,0,1
BRDA:40,62,0,2
BRDA:45,63,0,1
BRDA:55,64,0,1
BRDA:55,65,0,1
BRF:66
BRH:46
end_of_record
TN:
SF:src/modules/users/services/SendForgotPasswordEmailService.ts
FN:61,__decorate
FN:61,__metadata
FN:61,__param
FN:61,__awaiter
FN:61,adopt
FN:61,fulfilled
FN:61,rejected
FN:61,step
FN:61,__generator
FN:61,sent
FN:61,g.<computed>
FN:61,verb
FN:61,step
FN:61,__importDefault
FN:17,SendForgotPasswordEmailService
FN:26,SendForgotPasswordEmailService.execute
FNF:16
FNH:14
FNDA:1,__decorate
FNDA:1,__metadata
FNDA:3,__param
FNDA:3,__awaiter
FNDA:7,adopt
FNDA:7,fulfilled
FNDA:0,rejected
FNDA:9,step
FNDA:3,__generator
FNDA:7,sent
FNDA:0,g.<computed>
FNDA:9,verb
FNDA:10,step
FNDA:2,__importDefault
FNDA:3,SendForgotPasswordEmailService
FNDA:3,SendForgotPasswordEmailService.execute
DA:1,1
DA:2,1
DA:3,1
DA:4,1
DA:5,1
DA:6,1
DA:7,1
DA:8,1
DA:9,1
DA:10,1
DA:11,1
DA:12,1
DA:13,1
DA:14,1
DA:15,1
DA:16,1
DA:17,1
DA:18,3
DA:19,3
DA:20,3
DA:21,3
DA:22,3
DA:23,3
DA:24,3
DA:25,1
DA:26,1
DA:27,3
DA:28,3
DA:29,3
DA:30,1
DA:31,1
DA:32,2
DA:33,2
DA:34,3
DA:35,3
DA:36,3
DA:37,3
DA:38,3
DA:39,3
DA:40,3
DA:41,3
DA:42,3
DA:43,3
DA:44,3
DA:45,3
DA:46,3
DA:47,3
DA:48,3
DA:49,3
DA:50,3
DA:51,3
DA:52,3
DA:53,3
DA:54,3
DA:55,3
DA:56,3
DA:57,3
DA:58,3
DA:59,1
DA:60,1
DA:61,1
LF:61
LH:61
BRDA:61,0,0,1
BRDA:61,1,0,1
BRDA:61,2,0,0
BRDA:61,3,0,0
BRDA:61,4,0,0
BRDA:61,5,0,0
BRDA:61,6,0,1
BRDA:61,7,0,3
BRDA:61,8,0,3
BRDA:61,9,0,3
BRDA:61,10,0,7
BRDA:61,11,0,0
BRDA:61,12,0,3
BRDA:61,13,0,7
BRDA:61,14,0,1
BRDA:61,15,0,9
BRDA:61,16,0,2
BRDA:61,17,0,7
BRDA:61,18,0,3
BRDA:61,19,0,7
BRDA:61,20,0,0
BRDA:61,21,0,9
BRDA:61,22,0,10
BRDA:61,23,0,10
BRDA:61,24,0,0
BRDA:61,25,0,20
BRDA:61,26,0,0
BRDA:61,27,0,0
BRDA:61,28,0,0
BRDA:61,29,0,0
BRDA:61,30,0,10
BRDA:61,31,0,10
BRDA:61,32,0,7
BRDA:61,33,0,0
BRDA:61,34,0,0
BRDA:61,35,0,3
BRDA:61,36,0,0
BRDA:61,37,0,2
BRDA:61,38,0,0
BRDA:61,39,0,0
BRDA:61,40,0,0
BRDA:61,41,0,0
BRDA:61,42,0,10
BRDA:61,43,0,1
BRDA:61,44,0,10
BRDA:61,45,0,3
BRDA:61,46,0,1
BRDA:61,47,0,2
BRDA:61,48,0,0
BRDA:61,49,0,2
BRDA:61,50,0,1
BRDA:61,51,0,1
BRDA:16,52,0,1
BRDA:17,53,0,3
BRDA:26,54,0,3
BRDA:61,55,0,3
BRDA:61,56,0,10
BRDA:27,57,0,3
BRDA:61,58,0,3
BRDA:29,59,0,1
BRDA:31,60,0,2
BRDA:61,61,0,2
BRDA:61,62,0,2
BRF:63
BRH:44
end_of_record
TN:
SF:src/modules/users/services/ShowProfileService.ts
FN:27,__decorate
FN:27,__metadata
FN:27,__param
FN:27,__awaiter
FN:27,adopt
FN:27,fulfilled
FN:27,rejected
FN:27,step
FN:27,__generator
FN:27,sent
FN:27,g.<computed>
FN:27,verb
FN:27,step
FN:27,__importDefault
FN:13,ShowProfileService
FN:18,ShowProfileService.execute
FNF:16
FNH:14
FNDA:1,__decorate
FNDA:1,__metadata
FNDA:1,__param
FNDA:2,__awaiter
FNDA:2,adopt
FNDA:2,fulfilled
FNDA:0,rejected
FNDA:3,step
FNDA:2,__generator
FNDA:2,sent
FNDA:0,g.<computed>
FNDA:6,verb
FNDA:4,step
FNDA:1,__importDefault
FNDA:2,ShowProfileService
FNDA:2,ShowProfileService.execute
DA:1,1
DA:2,1
DA:3,1
DA:4,1
DA:5,1
DA:6,1
DA:7,1
DA:8,1
DA:9,1
DA:10,1
DA:11,1
DA:12,1
DA:13,1
DA:14,2
DA:15,2
DA:16,2
DA:17,1
DA:18,1
DA:19,2
DA:20,2
DA:21,2
DA:22,1
DA:23,1
DA:24,1
DA:25,1
DA:26,2
DA:27,1
LF:27
LH:27
BRDA:27,0,0,1
BRDA:27,1,0,1
BRDA:27,2,0,0
BRDA:27,3,0,0
BRDA:27,4,0,0
BRDA:27,5,0,0
BRDA:27,6,0,1
BRDA:27,7,0,1
BRDA:27,8,0,1
BRDA:27,9,0,2
BRDA:27,10,0,2
BRDA:27,11,0,0
BRDA:27,12,0,2
BRDA:27,13,0,2
BRDA:27,14,0,1
BRDA:27,15,0,3
BRDA:27,16,0,1
BRDA:27,17,0,2
BRDA:27,18,0,2
BRDA:27,19,0,2
BRDA:27,20,0,0
BRDA:27,21,0,6
BRDA:27,22,0,4
BRDA:27,23,0,4
BRDA:27,24,0,0
BRDA:27,25,0,8
BRDA:27,26,0,0
BRDA:27,27,0,0
BRDA:27,28,0,0
BRDA:27,29,0,0
BRDA:27,30,0,4
BRDA:27,31,0,4
BRDA:27,32,0,2
BRDA:27,33,0,0
BRDA:27,34,0,0
BRDA:27,35,0,2
BRDA:27,36,0,0
BRDA:27,37,0,1
BRDA:27,38,0,0
BRDA:27,39,0,0
BRDA:27,40,0,0
BRDA:27,41,0,0
BRDA:27,42,0,4
BRDA:27,43,0,1
BRDA:27,44,0,4
BRDA:27,45,0,2
BRDA:27,46,0,1
BRDA:27,47,0,0
BRDA:27,48,0,1
BRDA:27,49,0,0
BRDA:12,50,0,1
BRDA:13,51,0,2
BRDA:18,52,0,2
BRDA:27,53,0,2
BRDA:27,54,0,4
BRDA:19,55,0,2
BRDA:27,56,0,2
BRDA:21,57,0,1
BRF:58
BRH:38
end_of_record
TN:
SF:src/modules/users/services/UpdateProfileService.ts
FN:70,__decorate
FN:70,__metadata
FN:70,__param
FN:70,__awaiter
FN:70,adopt
FN:70,fulfilled
FN:70,rejected
FN:70,step
FN:70,__generator
FN:70,sent
FN:70,g.<computed>
FN:70,verb
FN:70,step
FN:70,__importDefault
FN:18,UpdateProfileService
FN:25,UpdateProfileService.execute
FNF:16
FNH:14
FNDA:1,__decorate
FNDA:1,__metadata
FNDA:2,__param
FNDA:6,__awaiter
FNDA:14,adopt
FNDA:14,fulfilled
FNDA:0,rejected
FNDA:16,step
FNDA:6,__generator
FNDA:14,sent
FNDA:0,g.<computed>
FNDA:18,verb
FNDA:20,step
FNDA:1,__importDefault
FNDA:6,UpdateProfileService
FNDA:6,UpdateProfileService.execute
DA:1,1
DA:2,1
DA:3,1
DA:4,1
DA:5,1
DA:6,1
DA:7,1
DA:8,1
DA:9,1
DA:10,1
DA:11,1
DA:12,1
DA:13,1
DA:14,1
DA:15,1
DA:16,1
DA:17,1
DA:18,1
DA:19,6
DA:20,6
DA:21,6
DA:22,6
DA:23,6
DA:24,1
DA:25,1
DA:26,6
DA:27,6
DA:28,6
DA:29,6
DA:30,6
DA:31,6
DA:32,6
DA:33,6
DA:34,6
DA:35,1
DA:36,1
DA:37,5
DA:38,5
DA:39,6
DA:40,6
DA:41,1
DA:42,1
DA:43,4
DA:44,4
DA:45,4
DA:46,4
DA:47,6
DA:48,1
DA:49,1
DA:50,1
DA:51,1
DA:52,3
DA:53,6
DA:54,2
DA:55,2
DA:56,2
DA:57,2
DA:58,6
DA:59,6
DA:60,1
DA:61,1
DA:62,1
DA:63,1
DA:64,6
DA:65,6
DA:66,6
DA:67,6
DA:68,1
DA:69,1
DA:70,1
LF:70
LH:70
BRDA:70,0,0,1
BRDA:70,1,0,1
BRDA:70,2,0,0
BRDA:70,3,0,0
BRDA:70,4,0,0
BRDA:70,5,0,0
BRDA:70,6,0,1
BRDA:70,7,0,2
BRDA:70,8,0,2
BRDA:70,9,0,6
BRDA:70,10,0,14
BRDA:70,11,0,0
BRDA:70,12,0,6
BRDA:70,13,0,14
BRDA:70,14,0,4
BRDA:70,15,0,16
BRDA:70,16,0,2
BRDA:70,17,0,14
BRDA:70,18,0,6
BRDA:70,19,0,14
BRDA:70,20,0,0
BRDA:70,21,0,18
BRDA:70,22,0,20
BRDA:70,23,0,20
BRDA:70,24,0,0
BRDA:70,25,0,41
BRDA:70,26,0,0
BRDA:70,27,0,0
BRDA:70,28,0,0
BRDA:70,29,0,0
BRDA:70,30,0,20
BRDA:70,31,0,20
BRDA:70,32,0,14
BRDA:70,33,0,0
BRDA:70,34,0,0
BRDA:70,35,0,7
BRDA:70,36,0,0
BRDA:70,37,0,3
BRDA:70,38,0,6
BRDA:70,39,0,1
BRDA:70,40,0,0
BRDA:70,41,0,1
BRDA:70,42,0,0
BRDA:70,43,0,0
BRDA:70,44,0,0
BRDA:70,45,0,21
BRDA:70,46,0,4
BRDA:70,47,0,21
BRDA:70,48,0,6
BRDA:70,49,0,4
BRDA:70,50,0,2
BRDA:70,51,0,0
BRDA:70,52,0,1
BRDA:70,53,0,0
BRDA:17,54,0,1
BRDA:18,55,0,6
BRDA:25,56,0,6
BRDA:70,57,0,6
BRDA:70,58,0,21
BRDA:32,59,0,6
BRDA:70,60,0,6
BRDA:34,61,0,1
BRDA:36,62,0,5
BRDA:70,63,0,5
BRDA:40,64,0,1
BRDA:40,65,0,1
BRDA:42,66,0,4
BRDA:47,67,0,3
BRDA:47,68,0,1
BRDA:51,69,0,3
BRDA:53,70,0,2
BRDA:53,71,0,1
BRDA:53,72,0,2
BRDA:70,73,0,2
BRDA:59,74,0,1
BRDA:70,75,0,1
BRDA:66,76,0,2
BRF:77
BRH:57
end_of_record
TN:
SF:src/modules/users/services/UpdateUserAvatarService.ts
FN:44,__decorate
FN:44,__metadata
FN:44,__param
FN:44,__awaiter
FN:44,adopt
FN:44,fulfilled
FN:44,rejected
FN:44,step
FN:44,__generator
FN:44,sent
FN:44,g.<computed>
FN:44,verb
FN:44,step
FN:44,__importDefault
FN:16,UpdateUserAvatarService
FN:23,UpdateUserAvatarService.execute
FNF:16
FNH:14
FNDA:1,__decorate
FNDA:1,__metadata
FNDA:2,__param
FNDA:4,__awaiter
FNDA:11,adopt
FNDA:11,fulfilled
FNDA:0,rejected
FNDA:14,step
FNDA:4,__generator
FNDA:11,sent
FNDA:0,g.<computed>
FNDA:12,verb
FNDA:15,step
FNDA:1,__importDefault
FNDA:3,UpdateUserAvatarService
FNDA:4,UpdateUserAvatarService.execute
DA:1,1
DA:2,1
DA:3,1
DA:4,1
DA:5,1
DA:6,1
DA:7,1
DA:8,1
DA:9,1
DA:10,1
DA:11,1
DA:12,1
DA:13,1
DA:14,1
DA:15,1
DA:16,1
DA:17,3
DA:18,3
DA:19,3
DA:20,3
DA:21,3
DA:22,1
DA:23,1
DA:24,4
DA:25,4
DA:26,4
DA:27,1
DA:28,1
DA:29,3
DA:30,3
DA:31,1
DA:32,4
DA:33,4
DA:34,4
DA:35,4
DA:36,4
DA:37,4
DA:38,4
DA:39,4
DA:40,4
DA:41,4
DA:42,1
DA:43,1
DA:44,1
LF:44
LH:44
BRDA:44,0,0,1
BRDA:44,1,0,1
BRDA:44,2,0,0
BRDA:44,3,0,0
BRDA:44,4,0,0
BRDA:44,5,0,0
BRDA:44,6,0,1
BRDA:44,7,0,2
BRDA:44,8,0,2
BRDA:44,9,0,4
BRDA:44,10,0,11
BRDA:44,11,0,0
BRDA:44,12,0,4
BRDA:44,13,0,11
BRDA:44,14,0,1
BRDA:44,15,0,14
BRDA:44,16,0,3
BRDA:44,17,0,11
BRDA:44,18,0,4
BRDA:44,19,0,11
BRDA:44,20,0,0
BRDA:44,21,0,12
BRDA:44,22,0,15
BRDA:44,23,0,15
BRDA:44,24,0,0
BRDA:44,25,0,32
BRDA:44,26,0,0
BRDA:44,27,0,0
BRDA:44,28,0,0
BRDA:44,29,0,0
BRDA:44,30,0,15
BRDA:44,31,0,15
BRDA:44,32,0,11
BRDA:44,33,0,0
BRDA:44,34,0,0
BRDA:44,35,0,6
BRDA:44,36,0,0
BRDA:44,37,0,5
BRDA:44,38,0,4
BRDA:44,39,0,2
BRDA:44,40,0,0
BRDA:44,41,0,2
BRDA:44,42,0,0
BRDA:44,43,0,0
BRDA:44,44,0,0
BRDA:44,45,0,17
BRDA:44,46,0,1
BRDA:44,47,0,17
BRDA:44,48,0,4
BRDA:44,49,0,1
BRDA:44,50,0,3
BRDA:44,51,0,0
BRDA:44,52,0,1
BRDA:44,53,0,0
BRDA:15,54,0,1
BRDA:16,55,0,3
BRDA:23,56,0,4
BRDA:44,57,0,4
BRDA:44,58,0,17
BRDA:24,59,0,4
BRDA:44,60,0,4
BRDA:26,61,0,1
BRDA:28,62,0,3
BRDA:30,63,0,2
BRDA:30,64,0,1
BRDA:44,65,0,1
BRDA:34,66,0,3
BRDA:44,67,0,3
BRDA:44,68,0,3
BRF:69
BRH:49
end_of_record
